[2025-10-08 02:41:31] local.ERROR: SQLSTATE[42S01]: Base table or view already exists: 1050 Table 'projects' already exists (Connection: mysql, SQL: create table `projects` (`id` bigint unsigned not null auto_increment primary key, `name` varchar(200) not null, `description` text null, `start_date` date null, `target_date` date null, `end_date` date null, `status` varchar(50) null, `created_at` timestamp null, `updated_at` timestamp null) default character set utf8mb4 collate 'utf8mb4_unicode_ci') {"exception":"[object] (Illuminate\\Database\\QueryException(code: 42S01): SQLSTATE[42S01]: Base table or view already exists: 1050 Table 'projects' already exists (Connection: mysql, SQL: create table `projects` (`id` bigint unsigned not null auto_increment primary key, `name` varchar(200) not null, `description` text null, `start_date` date null, `target_date` date null, `end_date` date null, `status` varchar(50) null, `created_at` timestamp null, `updated_at` timestamp null) default character set utf8mb4 collate 'utf8mb4_unicode_ci') at C:\\Users\\Arn.DESKTOP-P6BGPH2\\Documents\\BridgeTGT-Statusboard-DTTO\\bridgetgt-backend\\vendor\\laravel\\framework\\src\\Illuminate\\Database\\Connection.php:824)
[stacktrace]
#0 C:\\Users\\Arn.DESKTOP-P6BGPH2\\Documents\\BridgeTGT-Statusboard-DTTO\\bridgetgt-backend\\vendor\\laravel\\framework\\src\\Illuminate\\Database\\Connection.php(778): Illuminate\\Database\\Connection->runQueryCallback('create table `p...', Array, Object(Closure))
#1 C:\\Users\\Arn.DESKTOP-P6BGPH2\\Documents\\BridgeTGT-Statusboard-DTTO\\bridgetgt-backend\\vendor\\laravel\\framework\\src\\Illuminate\\Database\\Connection.php(559): Illuminate\\Database\\Connection->run('create table `p...', Array, Object(Closure))
#2 C:\\Users\\Arn.DESKTOP-P6BGPH2\\Documents\\BridgeTGT-Statusboard-DTTO\\bridgetgt-backend\\vendor\\laravel\\framework\\src\\Illuminate\\Database\\Schema\\Blueprint.php(121): Illuminate\\Database\\Connection->statement('create table `p...')
#3 C:\\Users\\Arn.DESKTOP-P6BGPH2\\Documents\\BridgeTGT-Statusboard-DTTO\\bridgetgt-backend\\vendor\\laravel\\framework\\src\\Illuminate\\Database\\Schema\\Builder.php(618): Illuminate\\Database\\Schema\\Blueprint->build()
#4 C:\\Users\\Arn.DESKTOP-P6BGPH2\\Documents\\BridgeTGT-Statusboard-DTTO\\bridgetgt-backend\\vendor\\laravel\\framework\\src\\Illuminate\\Database\\Schema\\Builder.php(472): Illuminate\\Database\\Schema\\Builder->build(Object(Illuminate\\Database\\Schema\\Blueprint))
#5 C:\\Users\\Arn.DESKTOP-P6BGPH2\\Documents\\BridgeTGT-Statusboard-DTTO\\bridgetgt-backend\\vendor\\laravel\\framework\\src\\Illuminate\\Support\\Facades\\Facade.php(363): Illuminate\\Database\\Schema\\Builder->create('projects', Object(Closure))
#6 C:\\Users\\Arn.DESKTOP-P6BGPH2\\Documents\\BridgeTGT-Statusboard-DTTO\\bridgetgt-backend\\database\\migrations\\2024_01_01_000003_create_projects_table.php(14): Illuminate\\Support\\Facades\\Facade::__callStatic('create', Array)
#7 C:\\Users\\Arn.DESKTOP-P6BGPH2\\Documents\\BridgeTGT-Statusboard-DTTO\\bridgetgt-backend\\vendor\\laravel\\framework\\src\\Illuminate\\Database\\Migrations\\Migrator.php(514): Illuminate\\Database\\Migrations\\Migration@anonymous->up()
#8 C:\\Users\\Arn.DESKTOP-P6BGPH2\\Documents\\BridgeTGT-Statusboard-DTTO\\bridgetgt-backend\\vendor\\laravel\\framework\\src\\Illuminate\\Database\\Migrations\\Migrator.php(439): Illuminate\\Database\\Migrations\\Migrator->runMethod(Object(Illuminate\\Database\\MySqlConnection), Object(Illuminate\\Database\\Migrations\\Migration@anonymous), 'up')
#9 C:\\Users\\Arn.DESKTOP-P6BGPH2\\Documents\\BridgeTGT-Statusboard-DTTO\\bridgetgt-backend\\vendor\\laravel\\framework\\src\\Illuminate\\Database\\Migrations\\Migrator.php(448): Illuminate\\Database\\Migrations\\Migrator->Illuminate\\Database\\Migrations\\{closure}()
#10 C:\\Users\\Arn.DESKTOP-P6BGPH2\\Documents\\BridgeTGT-Statusboard-DTTO\\bridgetgt-backend\\vendor\\laravel\\framework\\src\\Illuminate\\Database\\Migrations\\Migrator.php(250): Illuminate\\Database\\Migrations\\Migrator->runMigration(Object(Illuminate\\Database\\Migrations\\Migration@anonymous), 'up')
#11 C:\\Users\\Arn.DESKTOP-P6BGPH2\\Documents\\BridgeTGT-Statusboard-DTTO\\bridgetgt-backend\\vendor\\laravel\\framework\\src\\Illuminate\\Console\\View\\Components\\Task.php(41): Illuminate\\Database\\Migrations\\Migrator->Illuminate\\Database\\Migrations\\{closure}()
#12 C:\\Users\\Arn.DESKTOP-P6BGPH2\\Documents\\BridgeTGT-Statusboard-DTTO\\bridgetgt-backend\\vendor\\laravel\\framework\\src\\Illuminate\\Database\\Migrations\\Migrator.php(809): Illuminate\\Console\\View\\Components\\Task->render('2024_01_01_0000...', Object(Closure))
#13 C:\\Users\\Arn.DESKTOP-P6BGPH2\\Documents\\BridgeTGT-Statusboard-DTTO\\bridgetgt-backend\\vendor\\laravel\\framework\\src\\Illuminate\\Database\\Migrations\\Migrator.php(250): Illuminate\\Database\\Migrations\\Migrator->write('Illuminate\\\\Cons...', '2024_01_01_0000...', Object(Closure))
#14 C:\\Users\\Arn.DESKTOP-P6BGPH2\\Documents\\BridgeTGT-Statusboard-DTTO\\bridgetgt-backend\\vendor\\laravel\\framework\\src\\Illuminate\\Database\\Migrations\\Migrator.php(210): Illuminate\\Database\\Migrations\\Migrator->runUp('C:\\\\Users\\\\Arn.DE...', 1, false)
#15 C:\\Users\\Arn.DESKTOP-P6BGPH2\\Documents\\BridgeTGT-Statusboard-DTTO\\bridgetgt-backend\\vendor\\laravel\\framework\\src\\Illuminate\\Database\\Migrations\\Migrator.php(137): Illuminate\\Database\\Migrations\\Migrator->runPending(Array, Array)
#16 C:\\Users\\Arn.DESKTOP-P6BGPH2\\Documents\\BridgeTGT-Statusboard-DTTO\\bridgetgt-backend\\vendor\\laravel\\framework\\src\\Illuminate\\Database\\Console\\Migrations\\MigrateCommand.php(116): Illuminate\\Database\\Migrations\\Migrator->run(Array, Array)
#17 C:\\Users\\Arn.DESKTOP-P6BGPH2\\Documents\\BridgeTGT-Statusboard-DTTO\\bridgetgt-backend\\vendor\\laravel\\framework\\src\\Illuminate\\Database\\Migrations\\Migrator.php(666): Illuminate\\Database\\Console\\Migrations\\MigrateCommand->Illuminate\\Database\\Console\\Migrations\\{closure}()
#18 C:\\Users\\Arn.DESKTOP-P6BGPH2\\Documents\\BridgeTGT-Statusboard-DTTO\\bridgetgt-backend\\vendor\\laravel\\framework\\src\\Illuminate\\Database\\Console\\Migrations\\MigrateCommand.php(109): Illuminate\\Database\\Migrations\\Migrator->usingConnection(NULL, Object(Closure))
#19 C:\\Users\\Arn.DESKTOP-P6BGPH2\\Documents\\BridgeTGT-Statusboard-DTTO\\bridgetgt-backend\\vendor\\laravel\\framework\\src\\Illuminate\\Database\\Console\\Migrations\\MigrateCommand.php(88): Illuminate\\Database\\Console\\Migrations\\MigrateCommand->runMigrations()
#20 C:\\Users\\Arn.DESKTOP-P6BGPH2\\Documents\\BridgeTGT-Statusboard-DTTO\\bridgetgt-backend\\vendor\\laravel\\framework\\src\\Illuminate\\Container\\BoundMethod.php(36): Illuminate\\Database\\Console\\Migrations\\MigrateCommand->handle()
#21 C:\\Users\\Arn.DESKTOP-P6BGPH2\\Documents\\BridgeTGT-Statusboard-DTTO\\bridgetgt-backend\\vendor\\laravel\\framework\\src\\Illuminate\\Container\\Util.php(43): Illuminate\\Container\\BoundMethod::Illuminate\\Container\\{closure}()
#22 C:\\Users\\Arn.DESKTOP-P6BGPH2\\Documents\\BridgeTGT-Statusboard-DTTO\\bridgetgt-backend\\vendor\\laravel\\framework\\src\\Illuminate\\Container\\BoundMethod.php(96): Illuminate\\Container\\Util::unwrapIfClosure(Object(Closure))
#23 C:\\Users\\Arn.DESKTOP-P6BGPH2\\Documents\\BridgeTGT-Statusboard-DTTO\\bridgetgt-backend\\vendor\\laravel\\framework\\src\\Illuminate\\Container\\BoundMethod.php(35): Illuminate\\Container\\BoundMethod::callBoundMethod(Object(Illuminate\\Foundation\\Application), Array, Object(Closure))
#24 C:\\Users\\Arn.DESKTOP-P6BGPH2\\Documents\\BridgeTGT-Statusboard-DTTO\\bridgetgt-backend\\vendor\\laravel\\framework\\src\\Illuminate\\Container\\Container.php(836): Illuminate\\Container\\BoundMethod::call(Object(Illuminate\\Foundation\\Application), Array, Array, NULL)
#25 C:\\Users\\Arn.DESKTOP-P6BGPH2\\Documents\\BridgeTGT-Statusboard-DTTO\\bridgetgt-backend\\vendor\\laravel\\framework\\src\\Illuminate\\Console\\Command.php(211): Illuminate\\Container\\Container->call(Array)
#26 C:\\Users\\Arn.DESKTOP-P6BGPH2\\Documents\\BridgeTGT-Statusboard-DTTO\\bridgetgt-backend\\vendor\\symfony\\console\\Command\\Command.php(318): Illuminate\\Console\\Command->execute(Object(Symfony\\Component\\Console\\Input\\ArgvInput), Object(Illuminate\\Console\\OutputStyle))
#27 C:\\Users\\Arn.DESKTOP-P6BGPH2\\Documents\\BridgeTGT-Statusboard-DTTO\\bridgetgt-backend\\vendor\\laravel\\framework\\src\\Illuminate\\Console\\Command.php(180): Symfony\\Component\\Console\\Command\\Command->run(Object(Symfony\\Component\\Console\\Input\\ArgvInput), Object(Illuminate\\Console\\OutputStyle))
#28 C:\\Users\\Arn.DESKTOP-P6BGPH2\\Documents\\BridgeTGT-Statusboard-DTTO\\bridgetgt-backend\\vendor\\symfony\\console\\Application.php(1110): Illuminate\\Console\\Command->run(Object(Symfony\\Component\\Console\\Input\\ArgvInput), Object(Symfony\\Component\\Console\\Output\\ConsoleOutput))
#29 C:\\Users\\Arn.DESKTOP-P6BGPH2\\Documents\\BridgeTGT-Statusboard-DTTO\\bridgetgt-backend\\vendor\\symfony\\console\\Application.php(359): Symfony\\Component\\Console\\Application->doRunCommand(Object(Illuminate\\Database\\Console\\Migrations\\MigrateCommand), Object(Symfony\\Component\\Console\\Input\\ArgvInput), Object(Symfony\\Component\\Console\\Output\\ConsoleOutput))
#30 C:\\Users\\Arn.DESKTOP-P6BGPH2\\Documents\\BridgeTGT-Statusboard-DTTO\\bridgetgt-backend\\vendor\\symfony\\console\\Application.php(194): Symfony\\Component\\Console\\Application->doRun(Object(Symfony\\Component\\Console\\Input\\ArgvInput), Object(Symfony\\Component\\Console\\Output\\ConsoleOutput))
#31 C:\\Users\\Arn.DESKTOP-P6BGPH2\\Documents\\BridgeTGT-Statusboard-DTTO\\bridgetgt-backend\\vendor\\laravel\\framework\\src\\Illuminate\\Foundation\\Console\\Kernel.php(197): Symfony\\Component\\Console\\Application->run(Object(Symfony\\Component\\Console\\Input\\ArgvInput), Object(Symfony\\Component\\Console\\Output\\ConsoleOutput))
#32 C:\\Users\\Arn.DESKTOP-P6BGPH2\\Documents\\BridgeTGT-Statusboard-DTTO\\bridgetgt-backend\\vendor\\laravel\\framework\\src\\Illuminate\\Foundation\\Application.php(1235): Illuminate\\Foundation\\Console\\Kernel->handle(Object(Symfony\\Component\\Console\\Input\\ArgvInput), Object(Symfony\\Component\\Console\\Output\\ConsoleOutput))
#33 C:\\Users\\Arn.DESKTOP-P6BGPH2\\Documents\\BridgeTGT-Statusboard-DTTO\\bridgetgt-backend\\artisan(16): Illuminate\\Foundation\\Application->handleCommand(Object(Symfony\\Component\\Console\\Input\\ArgvInput))
#34 {main}

[previous exception] [object] (PDOException(code: 42S01): SQLSTATE[42S01]: Base table or view already exists: 1050 Table 'projects' already exists at C:\\Users\\Arn.DESKTOP-P6BGPH2\\Documents\\BridgeTGT-Statusboard-DTTO\\bridgetgt-backend\\vendor\\laravel\\framework\\src\\Illuminate\\Database\\Connection.php:570)
[stacktrace]
#0 C:\\Users\\Arn.DESKTOP-P6BGPH2\\Documents\\BridgeTGT-Statusboard-DTTO\\bridgetgt-backend\\vendor\\laravel\\framework\\src\\Illuminate\\Database\\Connection.php(570): PDOStatement->execute()
#1 C:\\Users\\Arn.DESKTOP-P6BGPH2\\Documents\\BridgeTGT-Statusboard-DTTO\\bridgetgt-backend\\vendor\\laravel\\framework\\src\\Illuminate\\Database\\Connection.php(811): Illuminate\\Database\\Connection->Illuminate\\Database\\{closure}('create table `p...', Array)
#2 C:\\Users\\Arn.DESKTOP-P6BGPH2\\Documents\\BridgeTGT-Statusboard-DTTO\\bridgetgt-backend\\vendor\\laravel\\framework\\src\\Illuminate\\Database\\Connection.php(778): Illuminate\\Database\\Connection->runQueryCallback('create table `p...', Array, Object(Closure))
#3 C:\\Users\\Arn.DESKTOP-P6BGPH2\\Documents\\BridgeTGT-Statusboard-DTTO\\bridgetgt-backend\\vendor\\laravel\\framework\\src\\Illuminate\\Database\\Connection.php(559): Illuminate\\Database\\Connection->run('create table `p...', Array, Object(Closure))
#4 C:\\Users\\Arn.DESKTOP-P6BGPH2\\Documents\\BridgeTGT-Statusboard-DTTO\\bridgetgt-backend\\vendor\\laravel\\framework\\src\\Illuminate\\Database\\Schema\\Blueprint.php(121): Illuminate\\Database\\Connection->statement('create table `p...')
#5 C:\\Users\\Arn.DESKTOP-P6BGPH2\\Documents\\BridgeTGT-Statusboard-DTTO\\bridgetgt-backend\\vendor\\laravel\\framework\\src\\Illuminate\\Database\\Schema\\Builder.php(618): Illuminate\\Database\\Schema\\Blueprint->build()
#6 C:\\Users\\Arn.DESKTOP-P6BGPH2\\Documents\\BridgeTGT-Statusboard-DTTO\\bridgetgt-backend\\vendor\\laravel\\framework\\src\\Illuminate\\Database\\Schema\\Builder.php(472): Illuminate\\Database\\Schema\\Builder->build(Object(Illuminate\\Database\\Schema\\Blueprint))
#7 C:\\Users\\Arn.DESKTOP-P6BGPH2\\Documents\\BridgeTGT-Statusboard-DTTO\\bridgetgt-backend\\vendor\\laravel\\framework\\src\\Illuminate\\Support\\Facades\\Facade.php(363): Illuminate\\Database\\Schema\\Builder->create('projects', Object(Closure))
#8 C:\\Users\\Arn.DESKTOP-P6BGPH2\\Documents\\BridgeTGT-Statusboard-DTTO\\bridgetgt-backend\\database\\migrations\\2024_01_01_000003_create_projects_table.php(14): Illuminate\\Support\\Facades\\Facade::__callStatic('create', Array)
#9 C:\\Users\\Arn.DESKTOP-P6BGPH2\\Documents\\BridgeTGT-Statusboard-DTTO\\bridgetgt-backend\\vendor\\laravel\\framework\\src\\Illuminate\\Database\\Migrations\\Migrator.php(514): Illuminate\\Database\\Migrations\\Migration@anonymous->up()
#10 C:\\Users\\Arn.DESKTOP-P6BGPH2\\Documents\\BridgeTGT-Statusboard-DTTO\\bridgetgt-backend\\vendor\\laravel\\framework\\src\\Illuminate\\Database\\Migrations\\Migrator.php(439): Illuminate\\Database\\Migrations\\Migrator->runMethod(Object(Illuminate\\Database\\MySqlConnection), Object(Illuminate\\Database\\Migrations\\Migration@anonymous), 'up')
#11 C:\\Users\\Arn.DESKTOP-P6BGPH2\\Documents\\BridgeTGT-Statusboard-DTTO\\bridgetgt-backend\\vendor\\laravel\\framework\\src\\Illuminate\\Database\\Migrations\\Migrator.php(448): Illuminate\\Database\\Migrations\\Migrator->Illuminate\\Database\\Migrations\\{closure}()
#12 C:\\Users\\Arn.DESKTOP-P6BGPH2\\Documents\\BridgeTGT-Statusboard-DTTO\\bridgetgt-backend\\vendor\\laravel\\framework\\src\\Illuminate\\Database\\Migrations\\Migrator.php(250): Illuminate\\Database\\Migrations\\Migrator->runMigration(Object(Illuminate\\Database\\Migrations\\Migration@anonymous), 'up')
#13 C:\\Users\\Arn.DESKTOP-P6BGPH2\\Documents\\BridgeTGT-Statusboard-DTTO\\bridgetgt-backend\\vendor\\laravel\\framework\\src\\Illuminate\\Console\\View\\Components\\Task.php(41): Illuminate\\Database\\Migrations\\Migrator->Illuminate\\Database\\Migrations\\{closure}()
#14 C:\\Users\\Arn.DESKTOP-P6BGPH2\\Documents\\BridgeTGT-Statusboard-DTTO\\bridgetgt-backend\\vendor\\laravel\\framework\\src\\Illuminate\\Database\\Migrations\\Migrator.php(809): Illuminate\\Console\\View\\Components\\Task->render('2024_01_01_0000...', Object(Closure))
#15 C:\\Users\\Arn.DESKTOP-P6BGPH2\\Documents\\BridgeTGT-Statusboard-DTTO\\bridgetgt-backend\\vendor\\laravel\\framework\\src\\Illuminate\\Database\\Migrations\\Migrator.php(250): Illuminate\\Database\\Migrations\\Migrator->write('Illuminate\\\\Cons...', '2024_01_01_0000...', Object(Closure))
#16 C:\\Users\\Arn.DESKTOP-P6BGPH2\\Documents\\BridgeTGT-Statusboard-DTTO\\bridgetgt-backend\\vendor\\laravel\\framework\\src\\Illuminate\\Database\\Migrations\\Migrator.php(210): Illuminate\\Database\\Migrations\\Migrator->runUp('C:\\\\Users\\\\Arn.DE...', 1, false)
#17 C:\\Users\\Arn.DESKTOP-P6BGPH2\\Documents\\BridgeTGT-Statusboard-DTTO\\bridgetgt-backend\\vendor\\laravel\\framework\\src\\Illuminate\\Database\\Migrations\\Migrator.php(137): Illuminate\\Database\\Migrations\\Migrator->runPending(Array, Array)
#18 C:\\Users\\Arn.DESKTOP-P6BGPH2\\Documents\\BridgeTGT-Statusboard-DTTO\\bridgetgt-backend\\vendor\\laravel\\framework\\src\\Illuminate\\Database\\Console\\Migrations\\MigrateCommand.php(116): Illuminate\\Database\\Migrations\\Migrator->run(Array, Array)
#19 C:\\Users\\Arn.DESKTOP-P6BGPH2\\Documents\\BridgeTGT-Statusboard-DTTO\\bridgetgt-backend\\vendor\\laravel\\framework\\src\\Illuminate\\Database\\Migrations\\Migrator.php(666): Illuminate\\Database\\Console\\Migrations\\MigrateCommand->Illuminate\\Database\\Console\\Migrations\\{closure}()
#20 C:\\Users\\Arn.DESKTOP-P6BGPH2\\Documents\\BridgeTGT-Statusboard-DTTO\\bridgetgt-backend\\vendor\\laravel\\framework\\src\\Illuminate\\Database\\Console\\Migrations\\MigrateCommand.php(109): Illuminate\\Database\\Migrations\\Migrator->usingConnection(NULL, Object(Closure))
#21 C:\\Users\\Arn.DESKTOP-P6BGPH2\\Documents\\BridgeTGT-Statusboard-DTTO\\bridgetgt-backend\\vendor\\laravel\\framework\\src\\Illuminate\\Database\\Console\\Migrations\\MigrateCommand.php(88): Illuminate\\Database\\Console\\Migrations\\MigrateCommand->runMigrations()
#22 C:\\Users\\Arn.DESKTOP-P6BGPH2\\Documents\\BridgeTGT-Statusboard-DTTO\\bridgetgt-backend\\vendor\\laravel\\framework\\src\\Illuminate\\Container\\BoundMethod.php(36): Illuminate\\Database\\Console\\Migrations\\MigrateCommand->handle()
#23 C:\\Users\\Arn.DESKTOP-P6BGPH2\\Documents\\BridgeTGT-Statusboard-DTTO\\bridgetgt-backend\\vendor\\laravel\\framework\\src\\Illuminate\\Container\\Util.php(43): Illuminate\\Container\\BoundMethod::Illuminate\\Container\\{closure}()
#24 C:\\Users\\Arn.DESKTOP-P6BGPH2\\Documents\\BridgeTGT-Statusboard-DTTO\\bridgetgt-backend\\vendor\\laravel\\framework\\src\\Illuminate\\Container\\BoundMethod.php(96): Illuminate\\Container\\Util::unwrapIfClosure(Object(Closure))
#25 C:\\Users\\Arn.DESKTOP-P6BGPH2\\Documents\\BridgeTGT-Statusboard-DTTO\\bridgetgt-backend\\vendor\\laravel\\framework\\src\\Illuminate\\Container\\BoundMethod.php(35): Illuminate\\Container\\BoundMethod::callBoundMethod(Object(Illuminate\\Foundation\\Application), Array, Object(Closure))
#26 C:\\Users\\Arn.DESKTOP-P6BGPH2\\Documents\\BridgeTGT-Statusboard-DTTO\\bridgetgt-backend\\vendor\\laravel\\framework\\src\\Illuminate\\Container\\Container.php(836): Illuminate\\Container\\BoundMethod::call(Object(Illuminate\\Foundation\\Application), Array, Array, NULL)
#27 C:\\Users\\Arn.DESKTOP-P6BGPH2\\Documents\\BridgeTGT-Statusboard-DTTO\\bridgetgt-backend\\vendor\\laravel\\framework\\src\\Illuminate\\Console\\Command.php(211): Illuminate\\Container\\Container->call(Array)
#28 C:\\Users\\Arn.DESKTOP-P6BGPH2\\Documents\\BridgeTGT-Statusboard-DTTO\\bridgetgt-backend\\vendor\\symfony\\console\\Command\\Command.php(318): Illuminate\\Console\\Command->execute(Object(Symfony\\Component\\Console\\Input\\ArgvInput), Object(Illuminate\\Console\\OutputStyle))
#29 C:\\Users\\Arn.DESKTOP-P6BGPH2\\Documents\\BridgeTGT-Statusboard-DTTO\\bridgetgt-backend\\vendor\\laravel\\framework\\src\\Illuminate\\Console\\Command.php(180): Symfony\\Component\\Console\\Command\\Command->run(Object(Symfony\\Component\\Console\\Input\\ArgvInput), Object(Illuminate\\Console\\OutputStyle))
#30 C:\\Users\\Arn.DESKTOP-P6BGPH2\\Documents\\BridgeTGT-Statusboard-DTTO\\bridgetgt-backend\\vendor\\symfony\\console\\Application.php(1110): Illuminate\\Console\\Command->run(Object(Symfony\\Component\\Console\\Input\\ArgvInput), Object(Symfony\\Component\\Console\\Output\\ConsoleOutput))
#31 C:\\Users\\Arn.DESKTOP-P6BGPH2\\Documents\\BridgeTGT-Statusboard-DTTO\\bridgetgt-backend\\vendor\\symfony\\console\\Application.php(359): Symfony\\Component\\Console\\Application->doRunCommand(Object(Illuminate\\Database\\Console\\Migrations\\MigrateCommand), Object(Symfony\\Component\\Console\\Input\\ArgvInput), Object(Symfony\\Component\\Console\\Output\\ConsoleOutput))
#32 C:\\Users\\Arn.DESKTOP-P6BGPH2\\Documents\\BridgeTGT-Statusboard-DTTO\\bridgetgt-backend\\vendor\\symfony\\console\\Application.php(194): Symfony\\Component\\Console\\Application->doRun(Object(Symfony\\Component\\Console\\Input\\ArgvInput), Object(Symfony\\Component\\Console\\Output\\ConsoleOutput))
#33 C:\\Users\\Arn.DESKTOP-P6BGPH2\\Documents\\BridgeTGT-Statusboard-DTTO\\bridgetgt-backend\\vendor\\laravel\\framework\\src\\Illuminate\\Foundation\\Console\\Kernel.php(197): Symfony\\Component\\Console\\Application->run(Object(Symfony\\Component\\Console\\Input\\ArgvInput), Object(Symfony\\Component\\Console\\Output\\ConsoleOutput))
#34 C:\\Users\\Arn.DESKTOP-P6BGPH2\\Documents\\BridgeTGT-Statusboard-DTTO\\bridgetgt-backend\\vendor\\laravel\\framework\\src\\Illuminate\\Foundation\\Application.php(1235): Illuminate\\Foundation\\Console\\Kernel->handle(Object(Symfony\\Component\\Console\\Input\\ArgvInput), Object(Symfony\\Component\\Console\\Output\\ConsoleOutput))
#35 C:\\Users\\Arn.DESKTOP-P6BGPH2\\Documents\\BridgeTGT-Statusboard-DTTO\\bridgetgt-backend\\artisan(16): Illuminate\\Foundation\\Application->handleCommand(Object(Symfony\\Component\\Console\\Input\\ArgvInput))
#36 {main}
"} 
[2025-10-08 02:41:58] local.ERROR: SQLSTATE[42S01]: Base table or view already exists: 1050 Table 'projects' already exists (Connection: mysql, SQL: create table `projects` (`id` bigint unsigned not null auto_increment primary key, `name` varchar(200) not null, `description` text null, `start_date` date null, `target_date` date null, `end_date` date null, `status` varchar(50) null, `created_at` timestamp null, `updated_at` timestamp null) default character set utf8mb4 collate 'utf8mb4_unicode_ci') {"exception":"[object] (Illuminate\\Database\\QueryException(code: 42S01): SQLSTATE[42S01]: Base table or view already exists: 1050 Table 'projects' already exists (Connection: mysql, SQL: create table `projects` (`id` bigint unsigned not null auto_increment primary key, `name` varchar(200) not null, `description` text null, `start_date` date null, `target_date` date null, `end_date` date null, `status` varchar(50) null, `created_at` timestamp null, `updated_at` timestamp null) default character set utf8mb4 collate 'utf8mb4_unicode_ci') at C:\\Users\\Arn.DESKTOP-P6BGPH2\\Documents\\BridgeTGT-Statusboard-DTTO\\bridgetgt-backend\\vendor\\laravel\\framework\\src\\Illuminate\\Database\\Connection.php:824)
[stacktrace]
#0 C:\\Users\\Arn.DESKTOP-P6BGPH2\\Documents\\BridgeTGT-Statusboard-DTTO\\bridgetgt-backend\\vendor\\laravel\\framework\\src\\Illuminate\\Database\\Connection.php(778): Illuminate\\Database\\Connection->runQueryCallback('create table `p...', Array, Object(Closure))
#1 C:\\Users\\Arn.DESKTOP-P6BGPH2\\Documents\\BridgeTGT-Statusboard-DTTO\\bridgetgt-backend\\vendor\\laravel\\framework\\src\\Illuminate\\Database\\Connection.php(559): Illuminate\\Database\\Connection->run('create table `p...', Array, Object(Closure))
#2 C:\\Users\\Arn.DESKTOP-P6BGPH2\\Documents\\BridgeTGT-Statusboard-DTTO\\bridgetgt-backend\\vendor\\laravel\\framework\\src\\Illuminate\\Database\\Schema\\Blueprint.php(121): Illuminate\\Database\\Connection->statement('create table `p...')
#3 C:\\Users\\Arn.DESKTOP-P6BGPH2\\Documents\\BridgeTGT-Statusboard-DTTO\\bridgetgt-backend\\vendor\\laravel\\framework\\src\\Illuminate\\Database\\Schema\\Builder.php(618): Illuminate\\Database\\Schema\\Blueprint->build()
#4 C:\\Users\\Arn.DESKTOP-P6BGPH2\\Documents\\BridgeTGT-Statusboard-DTTO\\bridgetgt-backend\\vendor\\laravel\\framework\\src\\Illuminate\\Database\\Schema\\Builder.php(472): Illuminate\\Database\\Schema\\Builder->build(Object(Illuminate\\Database\\Schema\\Blueprint))
#5 C:\\Users\\Arn.DESKTOP-P6BGPH2\\Documents\\BridgeTGT-Statusboard-DTTO\\bridgetgt-backend\\vendor\\laravel\\framework\\src\\Illuminate\\Support\\Facades\\Facade.php(363): Illuminate\\Database\\Schema\\Builder->create('projects', Object(Closure))
#6 C:\\Users\\Arn.DESKTOP-P6BGPH2\\Documents\\BridgeTGT-Statusboard-DTTO\\bridgetgt-backend\\database\\migrations\\2024_01_01_000003_create_projects_table.php(14): Illuminate\\Support\\Facades\\Facade::__callStatic('create', Array)
#7 C:\\Users\\Arn.DESKTOP-P6BGPH2\\Documents\\BridgeTGT-Statusboard-DTTO\\bridgetgt-backend\\vendor\\laravel\\framework\\src\\Illuminate\\Database\\Migrations\\Migrator.php(514): Illuminate\\Database\\Migrations\\Migration@anonymous->up()
#8 C:\\Users\\Arn.DESKTOP-P6BGPH2\\Documents\\BridgeTGT-Statusboard-DTTO\\bridgetgt-backend\\vendor\\laravel\\framework\\src\\Illuminate\\Database\\Migrations\\Migrator.php(439): Illuminate\\Database\\Migrations\\Migrator->runMethod(Object(Illuminate\\Database\\MySqlConnection), Object(Illuminate\\Database\\Migrations\\Migration@anonymous), 'up')
#9 C:\\Users\\Arn.DESKTOP-P6BGPH2\\Documents\\BridgeTGT-Statusboard-DTTO\\bridgetgt-backend\\vendor\\laravel\\framework\\src\\Illuminate\\Database\\Migrations\\Migrator.php(448): Illuminate\\Database\\Migrations\\Migrator->Illuminate\\Database\\Migrations\\{closure}()
#10 C:\\Users\\Arn.DESKTOP-P6BGPH2\\Documents\\BridgeTGT-Statusboard-DTTO\\bridgetgt-backend\\vendor\\laravel\\framework\\src\\Illuminate\\Database\\Migrations\\Migrator.php(250): Illuminate\\Database\\Migrations\\Migrator->runMigration(Object(Illuminate\\Database\\Migrations\\Migration@anonymous), 'up')
#11 C:\\Users\\Arn.DESKTOP-P6BGPH2\\Documents\\BridgeTGT-Statusboard-DTTO\\bridgetgt-backend\\vendor\\laravel\\framework\\src\\Illuminate\\Console\\View\\Components\\Task.php(41): Illuminate\\Database\\Migrations\\Migrator->Illuminate\\Database\\Migrations\\{closure}()
#12 C:\\Users\\Arn.DESKTOP-P6BGPH2\\Documents\\BridgeTGT-Statusboard-DTTO\\bridgetgt-backend\\vendor\\laravel\\framework\\src\\Illuminate\\Database\\Migrations\\Migrator.php(809): Illuminate\\Console\\View\\Components\\Task->render('2024_01_01_0000...', Object(Closure))
#13 C:\\Users\\Arn.DESKTOP-P6BGPH2\\Documents\\BridgeTGT-Statusboard-DTTO\\bridgetgt-backend\\vendor\\laravel\\framework\\src\\Illuminate\\Database\\Migrations\\Migrator.php(250): Illuminate\\Database\\Migrations\\Migrator->write('Illuminate\\\\Cons...', '2024_01_01_0000...', Object(Closure))
#14 C:\\Users\\Arn.DESKTOP-P6BGPH2\\Documents\\BridgeTGT-Statusboard-DTTO\\bridgetgt-backend\\vendor\\laravel\\framework\\src\\Illuminate\\Database\\Migrations\\Migrator.php(210): Illuminate\\Database\\Migrations\\Migrator->runUp('C:\\\\Users\\\\Arn.DE...', 2, false)
#15 C:\\Users\\Arn.DESKTOP-P6BGPH2\\Documents\\BridgeTGT-Statusboard-DTTO\\bridgetgt-backend\\vendor\\laravel\\framework\\src\\Illuminate\\Database\\Migrations\\Migrator.php(137): Illuminate\\Database\\Migrations\\Migrator->runPending(Array, Array)
#16 C:\\Users\\Arn.DESKTOP-P6BGPH2\\Documents\\BridgeTGT-Statusboard-DTTO\\bridgetgt-backend\\vendor\\laravel\\framework\\src\\Illuminate\\Database\\Console\\Migrations\\MigrateCommand.php(116): Illuminate\\Database\\Migrations\\Migrator->run(Array, Array)
#17 C:\\Users\\Arn.DESKTOP-P6BGPH2\\Documents\\BridgeTGT-Statusboard-DTTO\\bridgetgt-backend\\vendor\\laravel\\framework\\src\\Illuminate\\Database\\Migrations\\Migrator.php(666): Illuminate\\Database\\Console\\Migrations\\MigrateCommand->Illuminate\\Database\\Console\\Migrations\\{closure}()
#18 C:\\Users\\Arn.DESKTOP-P6BGPH2\\Documents\\BridgeTGT-Statusboard-DTTO\\bridgetgt-backend\\vendor\\laravel\\framework\\src\\Illuminate\\Database\\Console\\Migrations\\MigrateCommand.php(109): Illuminate\\Database\\Migrations\\Migrator->usingConnection(NULL, Object(Closure))
#19 C:\\Users\\Arn.DESKTOP-P6BGPH2\\Documents\\BridgeTGT-Statusboard-DTTO\\bridgetgt-backend\\vendor\\laravel\\framework\\src\\Illuminate\\Database\\Console\\Migrations\\MigrateCommand.php(88): Illuminate\\Database\\Console\\Migrations\\MigrateCommand->runMigrations()
#20 C:\\Users\\Arn.DESKTOP-P6BGPH2\\Documents\\BridgeTGT-Statusboard-DTTO\\bridgetgt-backend\\vendor\\laravel\\framework\\src\\Illuminate\\Container\\BoundMethod.php(36): Illuminate\\Database\\Console\\Migrations\\MigrateCommand->handle()
#21 C:\\Users\\Arn.DESKTOP-P6BGPH2\\Documents\\BridgeTGT-Statusboard-DTTO\\bridgetgt-backend\\vendor\\laravel\\framework\\src\\Illuminate\\Container\\Util.php(43): Illuminate\\Container\\BoundMethod::Illuminate\\Container\\{closure}()
#22 C:\\Users\\Arn.DESKTOP-P6BGPH2\\Documents\\BridgeTGT-Statusboard-DTTO\\bridgetgt-backend\\vendor\\laravel\\framework\\src\\Illuminate\\Container\\BoundMethod.php(96): Illuminate\\Container\\Util::unwrapIfClosure(Object(Closure))
#23 C:\\Users\\Arn.DESKTOP-P6BGPH2\\Documents\\BridgeTGT-Statusboard-DTTO\\bridgetgt-backend\\vendor\\laravel\\framework\\src\\Illuminate\\Container\\BoundMethod.php(35): Illuminate\\Container\\BoundMethod::callBoundMethod(Object(Illuminate\\Foundation\\Application), Array, Object(Closure))
#24 C:\\Users\\Arn.DESKTOP-P6BGPH2\\Documents\\BridgeTGT-Statusboard-DTTO\\bridgetgt-backend\\vendor\\laravel\\framework\\src\\Illuminate\\Container\\Container.php(836): Illuminate\\Container\\BoundMethod::call(Object(Illuminate\\Foundation\\Application), Array, Array, NULL)
#25 C:\\Users\\Arn.DESKTOP-P6BGPH2\\Documents\\BridgeTGT-Statusboard-DTTO\\bridgetgt-backend\\vendor\\laravel\\framework\\src\\Illuminate\\Console\\Command.php(211): Illuminate\\Container\\Container->call(Array)
#26 C:\\Users\\Arn.DESKTOP-P6BGPH2\\Documents\\BridgeTGT-Statusboard-DTTO\\bridgetgt-backend\\vendor\\symfony\\console\\Command\\Command.php(318): Illuminate\\Console\\Command->execute(Object(Symfony\\Component\\Console\\Input\\ArgvInput), Object(Illuminate\\Console\\OutputStyle))
#27 C:\\Users\\Arn.DESKTOP-P6BGPH2\\Documents\\BridgeTGT-Statusboard-DTTO\\bridgetgt-backend\\vendor\\laravel\\framework\\src\\Illuminate\\Console\\Command.php(180): Symfony\\Component\\Console\\Command\\Command->run(Object(Symfony\\Component\\Console\\Input\\ArgvInput), Object(Illuminate\\Console\\OutputStyle))
#28 C:\\Users\\Arn.DESKTOP-P6BGPH2\\Documents\\BridgeTGT-Statusboard-DTTO\\bridgetgt-backend\\vendor\\symfony\\console\\Application.php(1110): Illuminate\\Console\\Command->run(Object(Symfony\\Component\\Console\\Input\\ArgvInput), Object(Symfony\\Component\\Console\\Output\\ConsoleOutput))
#29 C:\\Users\\Arn.DESKTOP-P6BGPH2\\Documents\\BridgeTGT-Statusboard-DTTO\\bridgetgt-backend\\vendor\\symfony\\console\\Application.php(359): Symfony\\Component\\Console\\Application->doRunCommand(Object(Illuminate\\Database\\Console\\Migrations\\MigrateCommand), Object(Symfony\\Component\\Console\\Input\\ArgvInput), Object(Symfony\\Component\\Console\\Output\\ConsoleOutput))
#30 C:\\Users\\Arn.DESKTOP-P6BGPH2\\Documents\\BridgeTGT-Statusboard-DTTO\\bridgetgt-backend\\vendor\\symfony\\console\\Application.php(194): Symfony\\Component\\Console\\Application->doRun(Object(Symfony\\Component\\Console\\Input\\ArgvInput), Object(Symfony\\Component\\Console\\Output\\ConsoleOutput))
#31 C:\\Users\\Arn.DESKTOP-P6BGPH2\\Documents\\BridgeTGT-Statusboard-DTTO\\bridgetgt-backend\\vendor\\laravel\\framework\\src\\Illuminate\\Foundation\\Console\\Kernel.php(197): Symfony\\Component\\Console\\Application->run(Object(Symfony\\Component\\Console\\Input\\ArgvInput), Object(Symfony\\Component\\Console\\Output\\ConsoleOutput))
#32 C:\\Users\\Arn.DESKTOP-P6BGPH2\\Documents\\BridgeTGT-Statusboard-DTTO\\bridgetgt-backend\\vendor\\laravel\\framework\\src\\Illuminate\\Foundation\\Application.php(1235): Illuminate\\Foundation\\Console\\Kernel->handle(Object(Symfony\\Component\\Console\\Input\\ArgvInput), Object(Symfony\\Component\\Console\\Output\\ConsoleOutput))
#33 C:\\Users\\Arn.DESKTOP-P6BGPH2\\Documents\\BridgeTGT-Statusboard-DTTO\\bridgetgt-backend\\artisan(16): Illuminate\\Foundation\\Application->handleCommand(Object(Symfony\\Component\\Console\\Input\\ArgvInput))
#34 {main}

[previous exception] [object] (PDOException(code: 42S01): SQLSTATE[42S01]: Base table or view already exists: 1050 Table 'projects' already exists at C:\\Users\\Arn.DESKTOP-P6BGPH2\\Documents\\BridgeTGT-Statusboard-DTTO\\bridgetgt-backend\\vendor\\laravel\\framework\\src\\Illuminate\\Database\\Connection.php:570)
[stacktrace]
#0 C:\\Users\\Arn.DESKTOP-P6BGPH2\\Documents\\BridgeTGT-Statusboard-DTTO\\bridgetgt-backend\\vendor\\laravel\\framework\\src\\Illuminate\\Database\\Connection.php(570): PDOStatement->execute()
#1 C:\\Users\\Arn.DESKTOP-P6BGPH2\\Documents\\BridgeTGT-Statusboard-DTTO\\bridgetgt-backend\\vendor\\laravel\\framework\\src\\Illuminate\\Database\\Connection.php(811): Illuminate\\Database\\Connection->Illuminate\\Database\\{closure}('create table `p...', Array)
#2 C:\\Users\\Arn.DESKTOP-P6BGPH2\\Documents\\BridgeTGT-Statusboard-DTTO\\bridgetgt-backend\\vendor\\laravel\\framework\\src\\Illuminate\\Database\\Connection.php(778): Illuminate\\Database\\Connection->runQueryCallback('create table `p...', Array, Object(Closure))
#3 C:\\Users\\Arn.DESKTOP-P6BGPH2\\Documents\\BridgeTGT-Statusboard-DTTO\\bridgetgt-backend\\vendor\\laravel\\framework\\src\\Illuminate\\Database\\Connection.php(559): Illuminate\\Database\\Connection->run('create table `p...', Array, Object(Closure))
#4 C:\\Users\\Arn.DESKTOP-P6BGPH2\\Documents\\BridgeTGT-Statusboard-DTTO\\bridgetgt-backend\\vendor\\laravel\\framework\\src\\Illuminate\\Database\\Schema\\Blueprint.php(121): Illuminate\\Database\\Connection->statement('create table `p...')
#5 C:\\Users\\Arn.DESKTOP-P6BGPH2\\Documents\\BridgeTGT-Statusboard-DTTO\\bridgetgt-backend\\vendor\\laravel\\framework\\src\\Illuminate\\Database\\Schema\\Builder.php(618): Illuminate\\Database\\Schema\\Blueprint->build()
#6 C:\\Users\\Arn.DESKTOP-P6BGPH2\\Documents\\BridgeTGT-Statusboard-DTTO\\bridgetgt-backend\\vendor\\laravel\\framework\\src\\Illuminate\\Database\\Schema\\Builder.php(472): Illuminate\\Database\\Schema\\Builder->build(Object(Illuminate\\Database\\Schema\\Blueprint))
#7 C:\\Users\\Arn.DESKTOP-P6BGPH2\\Documents\\BridgeTGT-Statusboard-DTTO\\bridgetgt-backend\\vendor\\laravel\\framework\\src\\Illuminate\\Support\\Facades\\Facade.php(363): Illuminate\\Database\\Schema\\Builder->create('projects', Object(Closure))
#8 C:\\Users\\Arn.DESKTOP-P6BGPH2\\Documents\\BridgeTGT-Statusboard-DTTO\\bridgetgt-backend\\database\\migrations\\2024_01_01_000003_create_projects_table.php(14): Illuminate\\Support\\Facades\\Facade::__callStatic('create', Array)
#9 C:\\Users\\Arn.DESKTOP-P6BGPH2\\Documents\\BridgeTGT-Statusboard-DTTO\\bridgetgt-backend\\vendor\\laravel\\framework\\src\\Illuminate\\Database\\Migrations\\Migrator.php(514): Illuminate\\Database\\Migrations\\Migration@anonymous->up()
#10 C:\\Users\\Arn.DESKTOP-P6BGPH2\\Documents\\BridgeTGT-Statusboard-DTTO\\bridgetgt-backend\\vendor\\laravel\\framework\\src\\Illuminate\\Database\\Migrations\\Migrator.php(439): Illuminate\\Database\\Migrations\\Migrator->runMethod(Object(Illuminate\\Database\\MySqlConnection), Object(Illuminate\\Database\\Migrations\\Migration@anonymous), 'up')
#11 C:\\Users\\Arn.DESKTOP-P6BGPH2\\Documents\\BridgeTGT-Statusboard-DTTO\\bridgetgt-backend\\vendor\\laravel\\framework\\src\\Illuminate\\Database\\Migrations\\Migrator.php(448): Illuminate\\Database\\Migrations\\Migrator->Illuminate\\Database\\Migrations\\{closure}()
#12 C:\\Users\\Arn.DESKTOP-P6BGPH2\\Documents\\BridgeTGT-Statusboard-DTTO\\bridgetgt-backend\\vendor\\laravel\\framework\\src\\Illuminate\\Database\\Migrations\\Migrator.php(250): Illuminate\\Database\\Migrations\\Migrator->runMigration(Object(Illuminate\\Database\\Migrations\\Migration@anonymous), 'up')
#13 C:\\Users\\Arn.DESKTOP-P6BGPH2\\Documents\\BridgeTGT-Statusboard-DTTO\\bridgetgt-backend\\vendor\\laravel\\framework\\src\\Illuminate\\Console\\View\\Components\\Task.php(41): Illuminate\\Database\\Migrations\\Migrator->Illuminate\\Database\\Migrations\\{closure}()
#14 C:\\Users\\Arn.DESKTOP-P6BGPH2\\Documents\\BridgeTGT-Statusboard-DTTO\\bridgetgt-backend\\vendor\\laravel\\framework\\src\\Illuminate\\Database\\Migrations\\Migrator.php(809): Illuminate\\Console\\View\\Components\\Task->render('2024_01_01_0000...', Object(Closure))
#15 C:\\Users\\Arn.DESKTOP-P6BGPH2\\Documents\\BridgeTGT-Statusboard-DTTO\\bridgetgt-backend\\vendor\\laravel\\framework\\src\\Illuminate\\Database\\Migrations\\Migrator.php(250): Illuminate\\Database\\Migrations\\Migrator->write('Illuminate\\\\Cons...', '2024_01_01_0000...', Object(Closure))
#16 C:\\Users\\Arn.DESKTOP-P6BGPH2\\Documents\\BridgeTGT-Statusboard-DTTO\\bridgetgt-backend\\vendor\\laravel\\framework\\src\\Illuminate\\Database\\Migrations\\Migrator.php(210): Illuminate\\Database\\Migrations\\Migrator->runUp('C:\\\\Users\\\\Arn.DE...', 2, false)
#17 C:\\Users\\Arn.DESKTOP-P6BGPH2\\Documents\\BridgeTGT-Statusboard-DTTO\\bridgetgt-backend\\vendor\\laravel\\framework\\src\\Illuminate\\Database\\Migrations\\Migrator.php(137): Illuminate\\Database\\Migrations\\Migrator->runPending(Array, Array)
#18 C:\\Users\\Arn.DESKTOP-P6BGPH2\\Documents\\BridgeTGT-Statusboard-DTTO\\bridgetgt-backend\\vendor\\laravel\\framework\\src\\Illuminate\\Database\\Console\\Migrations\\MigrateCommand.php(116): Illuminate\\Database\\Migrations\\Migrator->run(Array, Array)
#19 C:\\Users\\Arn.DESKTOP-P6BGPH2\\Documents\\BridgeTGT-Statusboard-DTTO\\bridgetgt-backend\\vendor\\laravel\\framework\\src\\Illuminate\\Database\\Migrations\\Migrator.php(666): Illuminate\\Database\\Console\\Migrations\\MigrateCommand->Illuminate\\Database\\Console\\Migrations\\{closure}()
#20 C:\\Users\\Arn.DESKTOP-P6BGPH2\\Documents\\BridgeTGT-Statusboard-DTTO\\bridgetgt-backend\\vendor\\laravel\\framework\\src\\Illuminate\\Database\\Console\\Migrations\\MigrateCommand.php(109): Illuminate\\Database\\Migrations\\Migrator->usingConnection(NULL, Object(Closure))
#21 C:\\Users\\Arn.DESKTOP-P6BGPH2\\Documents\\BridgeTGT-Statusboard-DTTO\\bridgetgt-backend\\vendor\\laravel\\framework\\src\\Illuminate\\Database\\Console\\Migrations\\MigrateCommand.php(88): Illuminate\\Database\\Console\\Migrations\\MigrateCommand->runMigrations()
#22 C:\\Users\\Arn.DESKTOP-P6BGPH2\\Documents\\BridgeTGT-Statusboard-DTTO\\bridgetgt-backend\\vendor\\laravel\\framework\\src\\Illuminate\\Container\\BoundMethod.php(36): Illuminate\\Database\\Console\\Migrations\\MigrateCommand->handle()
#23 C:\\Users\\Arn.DESKTOP-P6BGPH2\\Documents\\BridgeTGT-Statusboard-DTTO\\bridgetgt-backend\\vendor\\laravel\\framework\\src\\Illuminate\\Container\\Util.php(43): Illuminate\\Container\\BoundMethod::Illuminate\\Container\\{closure}()
#24 C:\\Users\\Arn.DESKTOP-P6BGPH2\\Documents\\BridgeTGT-Statusboard-DTTO\\bridgetgt-backend\\vendor\\laravel\\framework\\src\\Illuminate\\Container\\BoundMethod.php(96): Illuminate\\Container\\Util::unwrapIfClosure(Object(Closure))
#25 C:\\Users\\Arn.DESKTOP-P6BGPH2\\Documents\\BridgeTGT-Statusboard-DTTO\\bridgetgt-backend\\vendor\\laravel\\framework\\src\\Illuminate\\Container\\BoundMethod.php(35): Illuminate\\Container\\BoundMethod::callBoundMethod(Object(Illuminate\\Foundation\\Application), Array, Object(Closure))
#26 C:\\Users\\Arn.DESKTOP-P6BGPH2\\Documents\\BridgeTGT-Statusboard-DTTO\\bridgetgt-backend\\vendor\\laravel\\framework\\src\\Illuminate\\Container\\Container.php(836): Illuminate\\Container\\BoundMethod::call(Object(Illuminate\\Foundation\\Application), Array, Array, NULL)
#27 C:\\Users\\Arn.DESKTOP-P6BGPH2\\Documents\\BridgeTGT-Statusboard-DTTO\\bridgetgt-backend\\vendor\\laravel\\framework\\src\\Illuminate\\Console\\Command.php(211): Illuminate\\Container\\Container->call(Array)
#28 C:\\Users\\Arn.DESKTOP-P6BGPH2\\Documents\\BridgeTGT-Statusboard-DTTO\\bridgetgt-backend\\vendor\\symfony\\console\\Command\\Command.php(318): Illuminate\\Console\\Command->execute(Object(Symfony\\Component\\Console\\Input\\ArgvInput), Object(Illuminate\\Console\\OutputStyle))
#29 C:\\Users\\Arn.DESKTOP-P6BGPH2\\Documents\\BridgeTGT-Statusboard-DTTO\\bridgetgt-backend\\vendor\\laravel\\framework\\src\\Illuminate\\Console\\Command.php(180): Symfony\\Component\\Console\\Command\\Command->run(Object(Symfony\\Component\\Console\\Input\\ArgvInput), Object(Illuminate\\Console\\OutputStyle))
#30 C:\\Users\\Arn.DESKTOP-P6BGPH2\\Documents\\BridgeTGT-Statusboard-DTTO\\bridgetgt-backend\\vendor\\symfony\\console\\Application.php(1110): Illuminate\\Console\\Command->run(Object(Symfony\\Component\\Console\\Input\\ArgvInput), Object(Symfony\\Component\\Console\\Output\\ConsoleOutput))
#31 C:\\Users\\Arn.DESKTOP-P6BGPH2\\Documents\\BridgeTGT-Statusboard-DTTO\\bridgetgt-backend\\vendor\\symfony\\console\\Application.php(359): Symfony\\Component\\Console\\Application->doRunCommand(Object(Illuminate\\Database\\Console\\Migrations\\MigrateCommand), Object(Symfony\\Component\\Console\\Input\\ArgvInput), Object(Symfony\\Component\\Console\\Output\\ConsoleOutput))
#32 C:\\Users\\Arn.DESKTOP-P6BGPH2\\Documents\\BridgeTGT-Statusboard-DTTO\\bridgetgt-backend\\vendor\\symfony\\console\\Application.php(194): Symfony\\Component\\Console\\Application->doRun(Object(Symfony\\Component\\Console\\Input\\ArgvInput), Object(Symfony\\Component\\Console\\Output\\ConsoleOutput))
#33 C:\\Users\\Arn.DESKTOP-P6BGPH2\\Documents\\BridgeTGT-Statusboard-DTTO\\bridgetgt-backend\\vendor\\laravel\\framework\\src\\Illuminate\\Foundation\\Console\\Kernel.php(197): Symfony\\Component\\Console\\Application->run(Object(Symfony\\Component\\Console\\Input\\ArgvInput), Object(Symfony\\Component\\Console\\Output\\ConsoleOutput))
#34 C:\\Users\\Arn.DESKTOP-P6BGPH2\\Documents\\BridgeTGT-Statusboard-DTTO\\bridgetgt-backend\\vendor\\laravel\\framework\\src\\Illuminate\\Foundation\\Application.php(1235): Illuminate\\Foundation\\Console\\Kernel->handle(Object(Symfony\\Component\\Console\\Input\\ArgvInput), Object(Symfony\\Component\\Console\\Output\\ConsoleOutput))
#35 C:\\Users\\Arn.DESKTOP-P6BGPH2\\Documents\\BridgeTGT-Statusboard-DTTO\\bridgetgt-backend\\artisan(16): Illuminate\\Foundation\\Application->handleCommand(Object(Symfony\\Component\\Console\\Input\\ArgvInput))
#36 {main}
"} 
[2025-10-08 02:44:10] local.ERROR: There are no commands defined in the "websockets" namespace. {"exception":"[object] (Symfony\\Component\\Console\\Exception\\NamespaceNotFoundException(code: 0): There are no commands defined in the \"websockets\" namespace. at C:\\Users\\Arn.DESKTOP-P6BGPH2\\Documents\\BridgeTGT-Statusboard-DTTO\\bridgetgt-backend\\vendor\\symfony\\console\\Application.php:677)
[stacktrace]
#0 C:\\Users\\Arn.DESKTOP-P6BGPH2\\Documents\\BridgeTGT-Statusboard-DTTO\\bridgetgt-backend\\vendor\\symfony\\console\\Application.php(726): Symfony\\Component\\Console\\Application->findNamespace('websockets')
#1 C:\\Users\\Arn.DESKTOP-P6BGPH2\\Documents\\BridgeTGT-Statusboard-DTTO\\bridgetgt-backend\\vendor\\symfony\\console\\Application.php(301): Symfony\\Component\\Console\\Application->find('websockets:serv...')
#2 C:\\Users\\Arn.DESKTOP-P6BGPH2\\Documents\\BridgeTGT-Statusboard-DTTO\\bridgetgt-backend\\vendor\\symfony\\console\\Application.php(194): Symfony\\Component\\Console\\Application->doRun(Object(Symfony\\Component\\Console\\Input\\ArgvInput), Object(Symfony\\Component\\Console\\Output\\ConsoleOutput))
#3 C:\\Users\\Arn.DESKTOP-P6BGPH2\\Documents\\BridgeTGT-Statusboard-DTTO\\bridgetgt-backend\\vendor\\laravel\\framework\\src\\Illuminate\\Foundation\\Console\\Kernel.php(197): Symfony\\Component\\Console\\Application->run(Object(Symfony\\Component\\Console\\Input\\ArgvInput), Object(Symfony\\Component\\Console\\Output\\ConsoleOutput))
#4 C:\\Users\\Arn.DESKTOP-P6BGPH2\\Documents\\BridgeTGT-Statusboard-DTTO\\bridgetgt-backend\\vendor\\laravel\\framework\\src\\Illuminate\\Foundation\\Application.php(1235): Illuminate\\Foundation\\Console\\Kernel->handle(Object(Symfony\\Component\\Console\\Input\\ArgvInput), Object(Symfony\\Component\\Console\\Output\\ConsoleOutput))
#5 C:\\Users\\Arn.DESKTOP-P6BGPH2\\Documents\\BridgeTGT-Statusboard-DTTO\\bridgetgt-backend\\artisan(16): Illuminate\\Foundation\\Application->handleCommand(Object(Symfony\\Component\\Console\\Input\\ArgvInput))
#6 {main}
"} 
[2025-10-08 02:45:02] local.ERROR: Class "Firebase\JWT\JWT" not found {"exception":"[object] (Error(code: 0): Class \"Firebase\\JWT\\JWT\" not found at C:\\Users\\Arn.DESKTOP-P6BGPH2\\Documents\\BridgeTGT-Statusboard-DTTO\\bridgetgt-backend\\app\\Http\\Controllers\\AuthController.php:255)
[stacktrace]
#0 C:\\Users\\Arn.DESKTOP-P6BGPH2\\Documents\\BridgeTGT-Statusboard-DTTO\\bridgetgt-backend\\app\\Http\\Controllers\\AuthController.php(45): App\\Http\\Controllers\\AuthController->generateJWT(Array)
#1 C:\\Users\\Arn.DESKTOP-P6BGPH2\\Documents\\BridgeTGT-Statusboard-DTTO\\bridgetgt-backend\\vendor\\laravel\\framework\\src\\Illuminate\\Routing\\ControllerDispatcher.php(46): App\\Http\\Controllers\\AuthController->companyKeyLogin(Object(Illuminate\\Http\\Request))
#2 C:\\Users\\Arn.DESKTOP-P6BGPH2\\Documents\\BridgeTGT-Statusboard-DTTO\\bridgetgt-backend\\vendor\\laravel\\framework\\src\\Illuminate\\Routing\\Route.php(265): Illuminate\\Routing\\ControllerDispatcher->dispatch(Object(Illuminate\\Routing\\Route), Object(App\\Http\\Controllers\\AuthController), 'companyKeyLogin')
#3 C:\\Users\\Arn.DESKTOP-P6BGPH2\\Documents\\BridgeTGT-Statusboard-DTTO\\bridgetgt-backend\\vendor\\laravel\\framework\\src\\Illuminate\\Routing\\Route.php(211): Illuminate\\Routing\\Route->runController()
#4 C:\\Users\\Arn.DESKTOP-P6BGPH2\\Documents\\BridgeTGT-Statusboard-DTTO\\bridgetgt-backend\\vendor\\laravel\\framework\\src\\Illuminate\\Routing\\Router.php(822): Illuminate\\Routing\\Route->run()
#5 C:\\Users\\Arn.DESKTOP-P6BGPH2\\Documents\\BridgeTGT-Statusboard-DTTO\\bridgetgt-backend\\vendor\\laravel\\framework\\src\\Illuminate\\Pipeline\\Pipeline.php(180): Illuminate\\Routing\\Router->Illuminate\\Routing\\{closure}(Object(Illuminate\\Http\\Request))
#6 C:\\Users\\Arn.DESKTOP-P6BGPH2\\Documents\\BridgeTGT-Statusboard-DTTO\\bridgetgt-backend\\vendor\\laravel\\framework\\src\\Illuminate\\Routing\\Middleware\\SubstituteBindings.php(50): Illuminate\\Pipeline\\Pipeline->Illuminate\\Pipeline\\{closure}(Object(Illuminate\\Http\\Request))
#7 C:\\Users\\Arn.DESKTOP-P6BGPH2\\Documents\\BridgeTGT-Statusboard-DTTO\\bridgetgt-backend\\vendor\\laravel\\framework\\src\\Illuminate\\Pipeline\\Pipeline.php(219): Illuminate\\Routing\\Middleware\\SubstituteBindings->handle(Object(Illuminate\\Http\\Request), Object(Closure))
#8 C:\\Users\\Arn.DESKTOP-P6BGPH2\\Documents\\BridgeTGT-Statusboard-DTTO\\bridgetgt-backend\\vendor\\laravel\\framework\\src\\Illuminate\\Pipeline\\Pipeline.php(137): Illuminate\\Pipeline\\Pipeline->Illuminate\\Pipeline\\{closure}(Object(Illuminate\\Http\\Request))
#9 C:\\Users\\Arn.DESKTOP-P6BGPH2\\Documents\\BridgeTGT-Statusboard-DTTO\\bridgetgt-backend\\vendor\\laravel\\framework\\src\\Illuminate\\Routing\\Router.php(821): Illuminate\\Pipeline\\Pipeline->then(Object(Closure))
#10 C:\\Users\\Arn.DESKTOP-P6BGPH2\\Documents\\BridgeTGT-Statusboard-DTTO\\bridgetgt-backend\\vendor\\laravel\\framework\\src\\Illuminate\\Routing\\Router.php(800): Illuminate\\Routing\\Router->runRouteWithinStack(Object(Illuminate\\Routing\\Route), Object(Illuminate\\Http\\Request))
#11 C:\\Users\\Arn.DESKTOP-P6BGPH2\\Documents\\BridgeTGT-Statusboard-DTTO\\bridgetgt-backend\\vendor\\laravel\\framework\\src\\Illuminate\\Routing\\Router.php(764): Illuminate\\Routing\\Router->runRoute(Object(Illuminate\\Http\\Request), Object(Illuminate\\Routing\\Route))
#12 C:\\Users\\Arn.DESKTOP-P6BGPH2\\Documents\\BridgeTGT-Statusboard-DTTO\\bridgetgt-backend\\vendor\\laravel\\framework\\src\\Illuminate\\Routing\\Router.php(753): Illuminate\\Routing\\Router->dispatchToRoute(Object(Illuminate\\Http\\Request))
#13 C:\\Users\\Arn.DESKTOP-P6BGPH2\\Documents\\BridgeTGT-Statusboard-DTTO\\bridgetgt-backend\\vendor\\laravel\\framework\\src\\Illuminate\\Foundation\\Http\\Kernel.php(200): Illuminate\\Routing\\Router->dispatch(Object(Illuminate\\Http\\Request))
#14 C:\\Users\\Arn.DESKTOP-P6BGPH2\\Documents\\BridgeTGT-Statusboard-DTTO\\bridgetgt-backend\\vendor\\laravel\\framework\\src\\Illuminate\\Pipeline\\Pipeline.php(180): Illuminate\\Foundation\\Http\\Kernel->Illuminate\\Foundation\\Http\\{closure}(Object(Illuminate\\Http\\Request))
#15 C:\\Users\\Arn.DESKTOP-P6BGPH2\\Documents\\BridgeTGT-Statusboard-DTTO\\bridgetgt-backend\\vendor\\laravel\\framework\\src\\Illuminate\\Foundation\\Http\\Middleware\\TransformsRequest.php(21): Illuminate\\Pipeline\\Pipeline->Illuminate\\Pipeline\\{closure}(Object(Illuminate\\Http\\Request))
#16 C:\\Users\\Arn.DESKTOP-P6BGPH2\\Documents\\BridgeTGT-Statusboard-DTTO\\bridgetgt-backend\\vendor\\laravel\\framework\\src\\Illuminate\\Foundation\\Http\\Middleware\\ConvertEmptyStringsToNull.php(31): Illuminate\\Foundation\\Http\\Middleware\\TransformsRequest->handle(Object(Illuminate\\Http\\Request), Object(Closure))
#17 C:\\Users\\Arn.DESKTOP-P6BGPH2\\Documents\\BridgeTGT-Statusboard-DTTO\\bridgetgt-backend\\vendor\\laravel\\framework\\src\\Illuminate\\Pipeline\\Pipeline.php(219): Illuminate\\Foundation\\Http\\Middleware\\ConvertEmptyStringsToNull->handle(Object(Illuminate\\Http\\Request), Object(Closure))
#18 C:\\Users\\Arn.DESKTOP-P6BGPH2\\Documents\\BridgeTGT-Statusboard-DTTO\\bridgetgt-backend\\vendor\\laravel\\framework\\src\\Illuminate\\Foundation\\Http\\Middleware\\TransformsRequest.php(21): Illuminate\\Pipeline\\Pipeline->Illuminate\\Pipeline\\{closure}(Object(Illuminate\\Http\\Request))
#19 C:\\Users\\Arn.DESKTOP-P6BGPH2\\Documents\\BridgeTGT-Statusboard-DTTO\\bridgetgt-backend\\vendor\\laravel\\framework\\src\\Illuminate\\Foundation\\Http\\Middleware\\TrimStrings.php(51): Illuminate\\Foundation\\Http\\Middleware\\TransformsRequest->handle(Object(Illuminate\\Http\\Request), Object(Closure))
#20 C:\\Users\\Arn.DESKTOP-P6BGPH2\\Documents\\BridgeTGT-Statusboard-DTTO\\bridgetgt-backend\\vendor\\laravel\\framework\\src\\Illuminate\\Pipeline\\Pipeline.php(219): Illuminate\\Foundation\\Http\\Middleware\\TrimStrings->handle(Object(Illuminate\\Http\\Request), Object(Closure))
#21 C:\\Users\\Arn.DESKTOP-P6BGPH2\\Documents\\BridgeTGT-Statusboard-DTTO\\bridgetgt-backend\\vendor\\laravel\\framework\\src\\Illuminate\\Http\\Middleware\\ValidatePostSize.php(27): Illuminate\\Pipeline\\Pipeline->Illuminate\\Pipeline\\{closure}(Object(Illuminate\\Http\\Request))
#22 C:\\Users\\Arn.DESKTOP-P6BGPH2\\Documents\\BridgeTGT-Statusboard-DTTO\\bridgetgt-backend\\vendor\\laravel\\framework\\src\\Illuminate\\Pipeline\\Pipeline.php(219): Illuminate\\Http\\Middleware\\ValidatePostSize->handle(Object(Illuminate\\Http\\Request), Object(Closure))
#23 C:\\Users\\Arn.DESKTOP-P6BGPH2\\Documents\\BridgeTGT-Statusboard-DTTO\\bridgetgt-backend\\vendor\\laravel\\framework\\src\\Illuminate\\Foundation\\Http\\Middleware\\PreventRequestsDuringMaintenance.php(109): Illuminate\\Pipeline\\Pipeline->Illuminate\\Pipeline\\{closure}(Object(Illuminate\\Http\\Request))
#24 C:\\Users\\Arn.DESKTOP-P6BGPH2\\Documents\\BridgeTGT-Statusboard-DTTO\\bridgetgt-backend\\vendor\\laravel\\framework\\src\\Illuminate\\Pipeline\\Pipeline.php(219): Illuminate\\Foundation\\Http\\Middleware\\PreventRequestsDuringMaintenance->handle(Object(Illuminate\\Http\\Request), Object(Closure))
#25 C:\\Users\\Arn.DESKTOP-P6BGPH2\\Documents\\BridgeTGT-Statusboard-DTTO\\bridgetgt-backend\\vendor\\laravel\\framework\\src\\Illuminate\\Http\\Middleware\\HandleCors.php(61): Illuminate\\Pipeline\\Pipeline->Illuminate\\Pipeline\\{closure}(Object(Illuminate\\Http\\Request))
#26 C:\\Users\\Arn.DESKTOP-P6BGPH2\\Documents\\BridgeTGT-Statusboard-DTTO\\bridgetgt-backend\\vendor\\laravel\\framework\\src\\Illuminate\\Pipeline\\Pipeline.php(219): Illuminate\\Http\\Middleware\\HandleCors->handle(Object(Illuminate\\Http\\Request), Object(Closure))
#27 C:\\Users\\Arn.DESKTOP-P6BGPH2\\Documents\\BridgeTGT-Statusboard-DTTO\\bridgetgt-backend\\vendor\\laravel\\framework\\src\\Illuminate\\Http\\Middleware\\TrustProxies.php(58): Illuminate\\Pipeline\\Pipeline->Illuminate\\Pipeline\\{closure}(Object(Illuminate\\Http\\Request))
#28 C:\\Users\\Arn.DESKTOP-P6BGPH2\\Documents\\BridgeTGT-Statusboard-DTTO\\bridgetgt-backend\\vendor\\laravel\\framework\\src\\Illuminate\\Pipeline\\Pipeline.php(219): Illuminate\\Http\\Middleware\\TrustProxies->handle(Object(Illuminate\\Http\\Request), Object(Closure))
#29 C:\\Users\\Arn.DESKTOP-P6BGPH2\\Documents\\BridgeTGT-Statusboard-DTTO\\bridgetgt-backend\\vendor\\laravel\\framework\\src\\Illuminate\\Foundation\\Http\\Middleware\\InvokeDeferredCallbacks.php(22): Illuminate\\Pipeline\\Pipeline->Illuminate\\Pipeline\\{closure}(Object(Illuminate\\Http\\Request))
#30 C:\\Users\\Arn.DESKTOP-P6BGPH2\\Documents\\BridgeTGT-Statusboard-DTTO\\bridgetgt-backend\\vendor\\laravel\\framework\\src\\Illuminate\\Pipeline\\Pipeline.php(219): Illuminate\\Foundation\\Http\\Middleware\\InvokeDeferredCallbacks->handle(Object(Illuminate\\Http\\Request), Object(Closure))
#31 C:\\Users\\Arn.DESKTOP-P6BGPH2\\Documents\\BridgeTGT-Statusboard-DTTO\\bridgetgt-backend\\vendor\\laravel\\framework\\src\\Illuminate\\Http\\Middleware\\ValidatePathEncoding.php(26): Illuminate\\Pipeline\\Pipeline->Illuminate\\Pipeline\\{closure}(Object(Illuminate\\Http\\Request))
#32 C:\\Users\\Arn.DESKTOP-P6BGPH2\\Documents\\BridgeTGT-Statusboard-DTTO\\bridgetgt-backend\\vendor\\laravel\\framework\\src\\Illuminate\\Pipeline\\Pipeline.php(219): Illuminate\\Http\\Middleware\\ValidatePathEncoding->handle(Object(Illuminate\\Http\\Request), Object(Closure))
#33 C:\\Users\\Arn.DESKTOP-P6BGPH2\\Documents\\BridgeTGT-Statusboard-DTTO\\bridgetgt-backend\\vendor\\laravel\\framework\\src\\Illuminate\\Pipeline\\Pipeline.php(137): Illuminate\\Pipeline\\Pipeline->Illuminate\\Pipeline\\{closure}(Object(Illuminate\\Http\\Request))
#34 C:\\Users\\Arn.DESKTOP-P6BGPH2\\Documents\\BridgeTGT-Statusboard-DTTO\\bridgetgt-backend\\vendor\\laravel\\framework\\src\\Illuminate\\Foundation\\Http\\Kernel.php(175): Illuminate\\Pipeline\\Pipeline->then(Object(Closure))
#35 C:\\Users\\Arn.DESKTOP-P6BGPH2\\Documents\\BridgeTGT-Statusboard-DTTO\\bridgetgt-backend\\vendor\\laravel\\framework\\src\\Illuminate\\Foundation\\Http\\Kernel.php(144): Illuminate\\Foundation\\Http\\Kernel->sendRequestThroughRouter(Object(Illuminate\\Http\\Request))
#36 C:\\Users\\Arn.DESKTOP-P6BGPH2\\Documents\\BridgeTGT-Statusboard-DTTO\\bridgetgt-backend\\vendor\\laravel\\framework\\src\\Illuminate\\Foundation\\Application.php(1220): Illuminate\\Foundation\\Http\\Kernel->handle(Object(Illuminate\\Http\\Request))
#37 C:\\Users\\Arn.DESKTOP-P6BGPH2\\Documents\\BridgeTGT-Statusboard-DTTO\\bridgetgt-backend\\public\\index.php(20): Illuminate\\Foundation\\Application->handleRequest(Object(Illuminate\\Http\\Request))
#38 C:\\Users\\Arn.DESKTOP-P6BGPH2\\Documents\\BridgeTGT-Statusboard-DTTO\\bridgetgt-backend\\vendor\\laravel\\framework\\src\\Illuminate\\Foundation\\resources\\server.php(23): require_once('C:\\\\Users\\\\Arn.DE...')
#39 {main}
"} 
